2025-05-19 00:15:46.341 - Pressed: 'h'
2025-05-19 00:15:48.096 - Pressed: 'e'
2025-05-19 00:15:48.805 - Pressed: 'l'
2025-05-19 00:15:48.963 - Pressed: 'l'
2025-05-19 00:15:49.154 - Pressed: 'o'
2025-05-19 00:15:49.840 - Pressed: '\\'
2025-05-19 00:15:50.100 - Pressed: '\\'
2025-05-19 00:15:50.762 - Pressed: Key.backspace
2025-05-19 00:15:50.944 - Pressed: Key.backspace
2025-05-19 00:15:51.108 - Pressed: Key.backspace
2025-05-19 00:15:51.282 - Pressed: Key.backspace
2025-05-19 00:15:51.456 - Pressed: Key.backspace
2025-05-19 00:15:51.641 - Pressed: Key.backspace
2025-05-19 00:15:51.968 - Pressed: Key.backspace
2025-05-19 00:16:41.736 - Pressed: 'w'
2025-05-19 00:16:42.374 - Pressed: 'o'
2025-05-19 00:16:42.751 - Pressed: 'r'
2025-05-19 00:16:43.041 - Pressed: 'd'
2025-05-19 00:16:46.610 - Pressed: 'w'
2025-05-19 00:16:47.269 - Pressed: 'o'
2025-05-19 00:16:48.503 - Pressed: 'r'
2025-05-19 00:16:48.763 - Pressed: 'd'
2025-05-19 00:16:49.756 - Pressed: Key.space
2025-05-19 00:16:51.144 - Pressed: 'o'
2025-05-19 00:16:51.776 - Pressed: 'f'
2025-05-19 00:16:52.040 - Pressed: Key.space
2025-05-19 00:16:52.553 - Pressed: 'm'
2025-05-19 00:16:53.531 - Pressed: 'y'
2025-05-19 00:16:53.759 - Pressed: Key.space
2025-05-19 00:16:54.089 - Pressed: 'c'
2025-05-19 00:16:54.424 - Pressed: 'h'
2025-05-19 00:16:54.944 - Pressed: 'o'
2025-05-19 00:16:55.156 - Pressed: 'i'
2025-05-19 00:16:55.492 - Pressed: 'c'
2025-05-19 00:16:55.794 - Pressed: 'e'
2025-05-19 00:16:57.794 - Pressed: Key.backspace
2025-05-19 00:16:57.984 - Pressed: Key.backspace
2025-05-19 00:16:58.190 - Pressed: Key.backspace
2025-05-19 00:16:58.399 - Pressed: Key.backspace
2025-05-19 00:16:58.585 - Pressed: Key.backspace
2025-05-19 00:16:58.806 - Pressed: Key.backspace
2025-05-19 00:16:59.286 - Pressed: Key.backspace
2025-05-19 00:16:59.317 - Pressed: Key.backspace
2025-05-19 00:16:59.346 - Pressed: Key.backspace
2025-05-19 00:16:59.379 - Pressed: Key.backspace
2025-05-19 00:16:59.411 - Pressed: Key.backspace
2025-05-19 00:16:59.444 - Pressed: Key.backspace
2025-05-19 00:16:59.476 - Pressed: Key.backspace
2025-05-19 00:16:59.510 - Pressed: Key.backspace
2025-05-19 00:16:59.542 - Pressed: Key.backspace
2025-05-19 00:16:59.575 - Pressed: Key.backspace
2025-05-19 00:16:59.608 - Pressed: Key.backspace
2025-05-19 00:16:59.640 - Pressed: Key.backspace
2025-05-19 00:16:59.674 - Pressed: Key.backspace
2025-05-19 00:16:59.705 - Pressed: Key.backspace
2025-05-19 00:16:59.744 - Pressed: Key.backspace
2025-05-19 00:16:59.772 - Pressed: Key.backspace
2025-05-19 00:16:59.815 - Pressed: Key.backspace
2025-05-19 00:16:59.837 - Pressed: Key.backspace
2025-05-19 00:16:59.871 - Pressed: Key.backspace
2025-05-19 00:16:59.902 - Pressed: Key.backspace
2025-05-19 00:16:59.935 - Pressed: Key.backspace
2025-05-19 00:16:59.968 - Pressed: Key.backspace
2025-05-19 00:17:00.001 - Pressed: Key.backspace
2025-05-19 00:17:00.034 - Pressed: Key.backspace
2025-05-19 00:17:00.067 - Pressed: Key.backspace
2025-05-19 00:17:00.101 - Pressed: Key.backspace
2025-05-19 00:17:00.132 - Pressed: Key.backspace
2025-05-19 00:17:00.165 - Pressed: Key.backspace
2025-05-19 00:17:00.198 - Pressed: Key.backspace
2025-05-19 00:17:00.231 - Pressed: Key.backspace
2025-05-19 00:17:00.264 - Pressed: Key.backspace
2025-05-19 00:17:00.296 - Pressed: Key.backspace
2025-05-19 00:17:00.330 - Pressed: Key.backspace
2025-05-19 00:17:00.360 - Pressed: Key.backspace
2025-05-19 00:17:00.394 - Pressed: Key.backspace
2025-05-19 00:17:00.427 - Pressed: Key.backspace
2025-05-19 00:17:00.459 - Pressed: Key.backspace
2025-05-19 00:17:00.492 - Pressed: Key.backspace
2025-05-19 00:17:00.525 - Pressed: Key.backspace
2025-05-19 00:17:00.558 - Pressed: Key.backspace
2025-05-19 00:17:00.591 - Pressed: Key.backspace
2025-05-19 00:17:00.623 - Pressed: Key.backspace
2025-05-19 00:17:00.658 - Pressed: Key.backspace
2025-05-19 00:17:00.690 - Pressed: Key.backspace
2025-05-19 00:17:00.721 - Pressed: Key.backspace
2025-05-19 00:17:00.754 - Pressed: Key.backspace
2025-05-19 00:17:00.799 - Pressed: Key.backspace
2025-05-19 00:17:00.819 - Pressed: Key.backspace
2025-05-19 00:17:00.852 - Pressed: Key.backspace
2025-05-19 00:17:00.885 - Pressed: Key.backspace
2025-05-19 00:17:00.918 - Pressed: Key.backspace
2025-05-19 00:17:00.951 - Pressed: Key.backspace
2025-05-19 00:17:00.983 - Pressed: Key.backspace
2025-05-19 00:17:01.017 - Pressed: Key.backspace
2025-05-19 00:17:01.066 - Pressed: Key.backspace
2025-05-19 00:17:01.083 - Pressed: Key.backspace
2025-05-19 00:17:01.117 - Pressed: Key.backspace
2025-05-19 00:17:01.151 - Pressed: Key.backspace
2025-05-19 00:17:01.184 - Pressed: Key.backspace
2025-05-19 00:17:01.216 - Pressed: Key.backspace
2025-05-19 00:17:01.248 - Pressed: Key.backspace
2025-05-19 00:17:01.278 - Pressed: Key.backspace
2025-05-19 00:17:01.311 - Pressed: Key.backspace
2025-05-19 00:17:01.344 - Pressed: Key.backspace
2025-05-19 00:17:01.376 - Pressed: Key.backspace
2025-05-19 00:17:03.327 - Pressed: Key.backspace
2025-05-19 00:17:04.915 - Pressed: Key.cmd
2025-05-19 00:17:12.195 - Pressed: Key.ctrl_l
2025-05-19 00:17:12.703 - Pressed: Key.ctrl_l
2025-05-19 00:17:12.736 - Pressed: Key.ctrl_l
2025-05-19 00:17:12.760 - Pressed: Key.alt_l
2025-05-19 00:17:13.269 - Pressed: Key.alt_l
2025-05-19 00:17:13.302 - Pressed: Key.alt_l
2025-05-19 00:17:13.335 - Pressed: Key.alt_l
2025-05-19 00:17:13.368 - Pressed: Key.alt_l
2025-05-19 00:17:13.401 - Pressed: Key.alt_l
2025-05-19 00:17:13.433 - Pressed: Key.alt_l
2025-05-19 00:17:13.438 - Pressed: 'ś'
